aioitertools==0.11.0
anyio==3.6.1
asttokens==2.0.8
atomate==1.0.3
attrs==22.1.0
backcall==0.2.0
bcrypt==4.0.1
boto3==1.24.89
botocore==1.27.89
certifi==2022.9.24
cffi==1.15.1
charset-normalizer==2.1.1
click==8.1.3
contourpy==1.0.5
cryptography==38.0.1
custodian==2022.5.26
cycler==0.11.0
decorator==5.1.1
dnspython==2.2.1
emmet-core==0.36.9
executing==1.1.1
fastapi==0.85.0
FireWorks==2.0.3
Flask==2.2.2
flask-paginate==2022.1.8
fonttools==4.37.4
future==0.18.2
gunicorn==20.1.0
idna==3.4
ipython==8.5.0
itsdangerous==2.1.2
jedi==0.18.1
Jinja2==3.1.2
jmespath==1.0.1
joblib==1.2.0
jsonschema==4.16.0
kiwisolver==1.4.4
latexcodec==2.0.1
maggma==0.49.5
MarkupSafe==2.1.1
matplotlib==3.6.1
matplotlib-inline==0.1.6
mongogrant==0.3.3
mongomock==4.1.2
monty==2022.9.9
mp-api==0.28.1
mpmath==1.2.1
msgpack==1.0.4
networkx==2.8.7
numpy==1.23.3
orjson==3.8.0
packaging==21.3
palettable==3.3.0
pandas==1.5.0
paramiko==2.11.0
parso==0.8.3
pexpect==4.8.0
physbo==1.1.0
pickleshare==0.7.5
Pillow==9.2.0
plotly==5.10.0
prompt-toolkit==3.0.31
ptyprocess==0.7.0
pure-eval==0.2.2
pybtex==0.24.0
pycparser==2.21
pydantic==1.10.2
pydash==5.1.1
Pygments==2.13.0
pymatgen==2022.9.21
pymatgen-analysis-diffusion==2022.7.21
pymongo==4.2.0
PyNaCl==1.5.0
pyparsing==3.0.9
pyrsistent==0.18.1
python-dateutil==2.8.2
pytz==2022.4
PyYAML==6.0
pyzmq==24.0.1
requests==2.28.1
ruamel.yaml==0.17.21
ruamel.yaml.clib==0.2.6
s3transfer==0.6.0
scikit-learn==1.1.2
scipy==1.9.2
sentinels==1.0.0
sentry-sdk==1.9.10
six==1.16.0
sklearn==0.0
sniffio==1.3.0
spglib==1.16.5
sshtunnel==0.4.0
stack-data==0.5.1
starlette==0.20.4
sympy==1.11.1
tabulate==0.9.0
tenacity==8.1.0
threadpoolctl==3.1.0
tqdm==4.64.1
traitlets==5.5.0
typing_extensions==4.4.0
uncertainties==3.1.7
urllib3==1.26.12
wcwidth==0.2.5
Werkzeug==2.2.2
